  [1m[35m (3366.7ms)[0m  [1m[35mCREATE DATABASE "MusicApp_development" ENCODING = 'unicode'[0m
  ↳ bin/rails:9
  [1m[35m (1760.1ms)[0m  [1m[35mCREATE DATABASE "MusicApp_test" ENCODING = 'unicode'[0m
  ↳ bin/rails:9
  [1m[35m (27.5ms)[0m  [1m[35mCREATE TABLE "schema_migrations" ("version" character varying NOT NULL PRIMARY KEY)[0m
  ↳ bin/rails:9
  [1m[35m (12.6ms)[0m  [1m[35mCREATE TABLE "ar_internal_metadata" ("key" character varying NOT NULL PRIMARY KEY, "value" character varying, "created_at" timestamp NOT NULL, "updated_at" timestamp NOT NULL)[0m
  ↳ bin/rails:9
  [1m[35m (0.2ms)[0m  [1m[34mSELECT pg_try_advisory_lock(1555902080779534005)[0m
  ↳ bin/rails:9
  [1m[35m (5.7ms)[0m  [1m[34mSELECT "schema_migrations"."version" FROM "schema_migrations" ORDER BY "schema_migrations"."version" ASC[0m
  ↳ bin/rails:9
Migrating to CreateUsers (20201208153208)
  [1m[35m (0.5ms)[0m  [1m[35mBEGIN[0m
  ↳ bin/rails:9
  [1m[35m (12.0ms)[0m  [1m[35mCREATE TABLE "users" ("id" bigserial primary key, "email" character varying NOT NULL, "password_digest" character varying NOT NULL, "session_token" character varying NOT NULL, "created_at" timestamp NOT NULL, "updated_at" timestamp NOT NULL)[0m
  ↳ db/migrate/20201208153208_create_users.rb:3
  [1m[35m (3.9ms)[0m  [1m[35mCREATE UNIQUE INDEX  "index_users_on_email" ON "users"  ("email")[0m
  ↳ db/migrate/20201208153208_create_users.rb:11
  [1m[35m (3.6ms)[0m  [1m[35mCREATE UNIQUE INDEX  "index_users_on_session_token" ON "users"  ("session_token")[0m
  ↳ db/migrate/20201208153208_create_users.rb:12
  [1m[36mActiveRecord::SchemaMigration Create (0.8ms)[0m  [1m[32mINSERT INTO "schema_migrations" ("version") VALUES ($1) RETURNING "version"[0m  [["version", "20201208153208"]]
  ↳ bin/rails:9
  [1m[35m (0.5ms)[0m  [1m[35mCOMMIT[0m
  ↳ bin/rails:9
  [1m[36mActiveRecord::InternalMetadata Load (6.0ms)[0m  [1m[34mSELECT  "ar_internal_metadata".* FROM "ar_internal_metadata" WHERE "ar_internal_metadata"."key" = $1 LIMIT $2[0m  [["key", "environment"], ["LIMIT", 1]]
  ↳ bin/rails:9
  [1m[35m (1.1ms)[0m  [1m[35mBEGIN[0m
  ↳ bin/rails:9
  [1m[36mActiveRecord::InternalMetadata Create (12.9ms)[0m  [1m[32mINSERT INTO "ar_internal_metadata" ("key", "value", "created_at", "updated_at") VALUES ($1, $2, $3, $4) RETURNING "key"[0m  [["key", "environment"], ["value", "development"], ["created_at", "2020-12-08 15:35:00.206012"], ["updated_at", "2020-12-08 15:35:00.206012"]]
  ↳ bin/rails:9
  [1m[35m (1.2ms)[0m  [1m[35mCOMMIT[0m
  ↳ bin/rails:9
  [1m[35m (0.3ms)[0m  [1m[34mSELECT pg_advisory_unlock(1555902080779534005)[0m
  ↳ bin/rails:9
  [1m[35m (0.3ms)[0m  [1m[34mSELECT "schema_migrations"."version" FROM "schema_migrations" ORDER BY "schema_migrations"."version" ASC[0m
  ↳ bin/rails:9
Started GET "/" for ::1 at 2020-12-08 15:02:19 -0500
  [1m[35m (42.3ms)[0m  [1m[34mSELECT "schema_migrations"."version" FROM "schema_migrations" ORDER BY "schema_migrations"."version" ASC[0m
  ↳ /home/imollah/.rbenv/versions/2.5.1/lib/ruby/gems/2.5.0/gems/activerecord-5.2.4.4/lib/active_record/log_subscriber.rb:98
Processing by Rails::WelcomeController#index as HTML
  Rendering /home/imollah/.rbenv/versions/2.5.1/lib/ruby/gems/2.5.0/gems/railties-5.2.4.4/lib/rails/templates/rails/welcome/index.html.erb
  Rendered /home/imollah/.rbenv/versions/2.5.1/lib/ruby/gems/2.5.0/gems/railties-5.2.4.4/lib/rails/templates/rails/welcome/index.html.erb (15.8ms)
Completed 200 OK in 87ms (Views: 61.6ms | ActiveRecord: 0.0ms)


Started GET "/users" for ::1 at 2020-12-08 15:04:48 -0500
  
ActionController::RoutingError (No route matches [GET] "/users"):
  
actionpack (5.2.4.4) lib/action_dispatch/middleware/debug_exceptions.rb:65:in `call'
web-console (3.7.0) lib/web_console/middleware.rb:135:in `call_app'
web-console (3.7.0) lib/web_console/middleware.rb:30:in `block in call'
web-console (3.7.0) lib/web_console/middleware.rb:20:in `catch'
web-console (3.7.0) lib/web_console/middleware.rb:20:in `call'
actionpack (5.2.4.4) lib/action_dispatch/middleware/show_exceptions.rb:33:in `call'
railties (5.2.4.4) lib/rails/rack/logger.rb:38:in `call_app'
railties (5.2.4.4) lib/rails/rack/logger.rb:26:in `block in call'
activesupport (5.2.4.4) lib/active_support/tagged_logging.rb:71:in `block in tagged'
activesupport (5.2.4.4) lib/active_support/tagged_logging.rb:28:in `tagged'
activesupport (5.2.4.4) lib/active_support/tagged_logging.rb:71:in `tagged'
railties (5.2.4.4) lib/rails/rack/logger.rb:26:in `call'
sprockets-rails (3.2.2) lib/sprockets/rails/quiet_assets.rb:13:in `call'
actionpack (5.2.4.4) lib/action_dispatch/middleware/remote_ip.rb:81:in `call'
actionpack (5.2.4.4) lib/action_dispatch/middleware/request_id.rb:27:in `call'
rack (2.2.3) lib/rack/method_override.rb:24:in `call'
rack (2.2.3) lib/rack/runtime.rb:22:in `call'
activesupport (5.2.4.4) lib/active_support/cache/strategy/local_cache_middleware.rb:29:in `call'
actionpack (5.2.4.4) lib/action_dispatch/middleware/executor.rb:14:in `call'
actionpack (5.2.4.4) lib/action_dispatch/middleware/static.rb:127:in `call'
rack (2.2.3) lib/rack/sendfile.rb:110:in `call'
railties (5.2.4.4) lib/rails/engine.rb:524:in `call'
puma (3.12.6) lib/puma/configuration.rb:227:in `call'
puma (3.12.6) lib/puma/server.rb:706:in `handle_request'
puma (3.12.6) lib/puma/server.rb:476:in `process_client'
puma (3.12.6) lib/puma/server.rb:334:in `block in run'
puma (3.12.6) lib/puma/thread_pool.rb:135:in `block in spawn_thread'
Started GET "/users" for ::1 at 2020-12-08 15:05:51 -0500
  
ActionController::RoutingError (No route matches [GET] "/users"):
  
actionpack (5.2.4.4) lib/action_dispatch/middleware/debug_exceptions.rb:65:in `call'
web-console (3.7.0) lib/web_console/middleware.rb:135:in `call_app'
web-console (3.7.0) lib/web_console/middleware.rb:30:in `block in call'
web-console (3.7.0) lib/web_console/middleware.rb:20:in `catch'
web-console (3.7.0) lib/web_console/middleware.rb:20:in `call'
actionpack (5.2.4.4) lib/action_dispatch/middleware/show_exceptions.rb:33:in `call'
railties (5.2.4.4) lib/rails/rack/logger.rb:38:in `call_app'
railties (5.2.4.4) lib/rails/rack/logger.rb:26:in `block in call'
activesupport (5.2.4.4) lib/active_support/tagged_logging.rb:71:in `block in tagged'
activesupport (5.2.4.4) lib/active_support/tagged_logging.rb:28:in `tagged'
activesupport (5.2.4.4) lib/active_support/tagged_logging.rb:71:in `tagged'
railties (5.2.4.4) lib/rails/rack/logger.rb:26:in `call'
sprockets-rails (3.2.2) lib/sprockets/rails/quiet_assets.rb:13:in `call'
actionpack (5.2.4.4) lib/action_dispatch/middleware/remote_ip.rb:81:in `call'
actionpack (5.2.4.4) lib/action_dispatch/middleware/request_id.rb:27:in `call'
rack (2.2.3) lib/rack/method_override.rb:24:in `call'
rack (2.2.3) lib/rack/runtime.rb:22:in `call'
activesupport (5.2.4.4) lib/active_support/cache/strategy/local_cache_middleware.rb:29:in `call'
actionpack (5.2.4.4) lib/action_dispatch/middleware/executor.rb:14:in `call'
actionpack (5.2.4.4) lib/action_dispatch/middleware/static.rb:127:in `call'
rack (2.2.3) lib/rack/sendfile.rb:110:in `call'
railties (5.2.4.4) lib/rails/engine.rb:524:in `call'
puma (3.12.6) lib/puma/configuration.rb:227:in `call'
puma (3.12.6) lib/puma/server.rb:706:in `handle_request'
puma (3.12.6) lib/puma/server.rb:476:in `process_client'
puma (3.12.6) lib/puma/server.rb:334:in `block in run'
puma (3.12.6) lib/puma/thread_pool.rb:135:in `block in spawn_thread'
Started GET "/users/new" for ::1 at 2020-12-08 15:05:59 -0500

SyntaxError - syntax error, unexpected ':', expecting keyword_end
...urrent_user, :current_user_id :logged_in?
...                              ^:
  app/controllers/application_controller.rb:2:in `'
  app/controllers/users_controller.rb:1:in `<top (required)>'

Started POST "/__better_errors/d831e373823e57ac/variables" for ::1 at 2020-12-08 15:06:00 -0500
Started GET "/users/new" for ::1 at 2020-12-08 15:06:16 -0500
Processing by UsersController#new as HTML
  Rendering users/new.html.erb within layouts/application
  Rendered users/new.html.erb within layouts/application (0.3ms)
Completed 500 Internal Server Error in 195ms (ActiveRecord: 56.2ms)



SyntaxError - syntax error, unexpected keyword_ensure, expecting keyword_end
          ensure
          ^~~~~~
/mnt/c/Users/iMollah/Desktop/App Academy/aA_Classwork/Week 7/W7D2/MusicApp/app/views/layouts/application.html.erb:21: syntax error, unexpected end-of-input, expecting keyword_end
          end
             ^:
  app/views/layouts/application.html.erb:19:in `'
  app/controllers/users_controller.rb:5:in `new'

Started POST "/__better_errors/92d0fbd70c6017b8/variables" for ::1 at 2020-12-08 15:06:17 -0500
Started GET "/users/new" for ::1 at 2020-12-08 15:15:43 -0500
  [1m[35m (1.1ms)[0m  [1m[34mSELECT "schema_migrations"."version" FROM "schema_migrations" ORDER BY "schema_migrations"."version" ASC[0m
  ↳ /home/imollah/.rbenv/versions/2.5.1/lib/ruby/gems/2.5.0/gems/activerecord-5.2.4.4/lib/active_record/log_subscriber.rb:98
Processing by UsersController#new as HTML
  Rendering users/new.html.erb within layouts/application
  Rendered users/new.html.erb within layouts/application (1.1ms)
Completed 500 Internal Server Error in 57ms (ActiveRecord: 5.6ms)



SyntaxError - syntax error, unexpected keyword_ensure, expecting keyword_end
          ensure
          ^~~~~~
/mnt/c/Users/iMollah/Desktop/App Academy/aA_Classwork/Week 7/W7D2/MusicApp/app/views/layouts/application.html.erb:21: syntax error, unexpected end-of-input, expecting keyword_end
          end
             ^:
  app/views/layouts/application.html.erb:19:in `'
  app/controllers/users_controller.rb:5:in `new'

Started POST "/__better_errors/a53d536ec7a7a2b6/variables" for ::1 at 2020-12-08 15:15:43 -0500
Started GET "/users/new" for ::1 at 2020-12-08 15:18:03 -0500
Processing by UsersController#new as HTML
  Rendering users/new.html.erb within layouts/application
  Rendered users/new.html.erb within layouts/application (0.4ms)
Completed 500 Internal Server Error in 40ms (ActiveRecord: 4.8ms)



SyntaxError - syntax error, unexpected keyword_ensure, expecting keyword_end
          ensure
          ^~~~~~
/mnt/c/Users/iMollah/Desktop/App Academy/aA_Classwork/Week 7/W7D2/MusicApp/app/views/layouts/application.html.erb:21: syntax error, unexpected end-of-input, expecting keyword_end
          end
             ^:
  app/views/layouts/application.html.erb:19:in `'
  app/controllers/users_controller.rb:5:in `new'

Started POST "/__better_errors/1fae7162fa7f70d7/variables" for ::1 at 2020-12-08 15:18:03 -0500
Started GET "/session/" for ::1 at 2020-12-08 15:20:21 -0500
  
ActionController::RoutingError (No route matches [GET] "/session"):
  
actionpack (5.2.4.4) lib/action_dispatch/middleware/debug_exceptions.rb:65:in `call'
web-console (3.7.0) lib/web_console/middleware.rb:135:in `call_app'
web-console (3.7.0) lib/web_console/middleware.rb:30:in `block in call'
web-console (3.7.0) lib/web_console/middleware.rb:20:in `catch'
web-console (3.7.0) lib/web_console/middleware.rb:20:in `call'
actionpack (5.2.4.4) lib/action_dispatch/middleware/show_exceptions.rb:33:in `call'
railties (5.2.4.4) lib/rails/rack/logger.rb:38:in `call_app'
railties (5.2.4.4) lib/rails/rack/logger.rb:26:in `block in call'
activesupport (5.2.4.4) lib/active_support/tagged_logging.rb:71:in `block in tagged'
activesupport (5.2.4.4) lib/active_support/tagged_logging.rb:28:in `tagged'
activesupport (5.2.4.4) lib/active_support/tagged_logging.rb:71:in `tagged'
railties (5.2.4.4) lib/rails/rack/logger.rb:26:in `call'
sprockets-rails (3.2.2) lib/sprockets/rails/quiet_assets.rb:13:in `call'
actionpack (5.2.4.4) lib/action_dispatch/middleware/remote_ip.rb:81:in `call'
actionpack (5.2.4.4) lib/action_dispatch/middleware/request_id.rb:27:in `call'
rack (2.2.3) lib/rack/method_override.rb:24:in `call'
rack (2.2.3) lib/rack/runtime.rb:22:in `call'
activesupport (5.2.4.4) lib/active_support/cache/strategy/local_cache_middleware.rb:29:in `call'
actionpack (5.2.4.4) lib/action_dispatch/middleware/executor.rb:14:in `call'
actionpack (5.2.4.4) lib/action_dispatch/middleware/static.rb:127:in `call'
rack (2.2.3) lib/rack/sendfile.rb:110:in `call'
railties (5.2.4.4) lib/rails/engine.rb:524:in `call'
puma (3.12.6) lib/puma/configuration.rb:227:in `call'
puma (3.12.6) lib/puma/server.rb:706:in `handle_request'
puma (3.12.6) lib/puma/server.rb:476:in `process_client'
puma (3.12.6) lib/puma/server.rb:334:in `block in run'
puma (3.12.6) lib/puma/thread_pool.rb:135:in `block in spawn_thread'
Started GET "/session/new" for ::1 at 2020-12-08 15:20:31 -0500
Processing by SessionsController#new as HTML
Completed 500 Internal Server Error in 4ms (ActiveRecord: 0.0ms)



ActionView::MissingTemplate - Missing template sessions/new, application/new with {:locale=>[:en], :formats=>[:html], :variants=>[], :handlers=>[:raw, :erb, :html, :builder, :ruby, :coffee, :jbuilder]}. Searched in:
  * "/mnt/c/Users/iMollah/Desktop/App Academy/aA_Classwork/Week 7/W7D2/MusicApp/app/views":
  app/controllers/sessions_controller.rb:3:in `new'

Started POST "/__better_errors/9dfc459cac8114e9/variables" for ::1 at 2020-12-08 15:20:32 -0500
Started GET "/" for ::1 at 2020-12-08 15:20:50 -0500
Processing by Rails::WelcomeController#index as HTML
  Rendering /home/imollah/.rbenv/versions/2.5.1/lib/ruby/gems/2.5.0/gems/railties-5.2.4.4/lib/rails/templates/rails/welcome/index.html.erb
  Rendered /home/imollah/.rbenv/versions/2.5.1/lib/ruby/gems/2.5.0/gems/railties-5.2.4.4/lib/rails/templates/rails/welcome/index.html.erb (13.3ms)
Completed 200 OK in 29ms (Views: 21.7ms | ActiveRecord: 0.0ms)


Started GET "/users/new" for ::1 at 2020-12-08 15:25:28 -0500
Processing by UsersController#new as HTML
  Rendering users/new.html.erb within layouts/application
  Rendered users/new.html.erb within layouts/application (0.3ms)
Completed 500 Internal Server Error in 62ms (ActiveRecord: 27.1ms)



SyntaxError - syntax error, unexpected keyword_ensure, expecting keyword_end
          ensure
          ^~~~~~
/mnt/c/Users/iMollah/Desktop/App Academy/aA_Classwork/Week 7/W7D2/MusicApp/app/views/layouts/application.html.erb:21: syntax error, unexpected end-of-input, expecting keyword_end
          end
             ^:
  app/views/layouts/application.html.erb:19:in `'
  app/controllers/users_controller.rb:5:in `new'

Started POST "/__better_errors/5c4f21398cd81118/variables" for ::1 at 2020-12-08 15:25:29 -0500
Started GET "/users/new" for ::1 at 2020-12-08 15:28:19 -0500
Processing by UsersController#new as HTML
  Rendering users/new.html.erb within layouts/application
  Rendered users/new.html.erb within layouts/application (0.4ms)
Completed 200 OK in 1167ms (Views: 1163.6ms | ActiveRecord: 0.0ms)


Started GET "/users/new" for ::1 at 2020-12-08 16:17:17 -0500
  [1m[35m (0.8ms)[0m  [1m[34mSELECT "schema_migrations"."version" FROM "schema_migrations" ORDER BY "schema_migrations"."version" ASC[0m
  ↳ /home/imollah/.rbenv/versions/2.5.1/lib/ruby/gems/2.5.0/gems/activerecord-5.2.4.4/lib/active_record/log_subscriber.rb:98
Processing by UsersController#new as HTML
  Rendering users/new.html.erb within layouts/application
  Rendered users/new.html.erb within layouts/application (2.4ms)
Completed 200 OK in 675ms (Views: 538.1ms | ActiveRecord: 95.2ms)


Started GET "/users/new_session_url" for ::1 at 2020-12-08 16:17:23 -0500
Processing by UsersController#show as HTML
  Parameters: {"id"=>"new_session_url"}
  [1m[36mUser Load (19.2ms)[0m  [1m[34mSELECT  "users".* FROM "users" WHERE "users"."id" = $1 LIMIT $2[0m  [["id", 0], ["LIMIT", 1]]
  ↳ app/controllers/users_controller.rb:22
  Rendering users/show.html.erb within layouts/application
  Rendered users/show.html.erb within layouts/application (0.8ms)
Completed 200 OK in 104ms (Views: 69.1ms | ActiveRecord: 19.4ms)


Started GET "/users/new_user_url" for ::1 at 2020-12-08 16:17:29 -0500
Processing by UsersController#show as HTML
  Parameters: {"id"=>"new_user_url"}
  [1m[36mUser Load (0.4ms)[0m  [1m[34mSELECT  "users".* FROM "users" WHERE "users"."id" = $1 LIMIT $2[0m  [["id", 0], ["LIMIT", 1]]
  ↳ app/controllers/users_controller.rb:22
  Rendering users/show.html.erb within layouts/application
  Rendered users/show.html.erb within layouts/application (0.4ms)
Completed 200 OK in 45ms (Views: 41.6ms | ActiveRecord: 0.4ms)


Started GET "/users/new_user_url" for ::1 at 2020-12-08 16:17:30 -0500
Processing by UsersController#show as HTML
  Parameters: {"id"=>"new_user_url"}
  [1m[36mUser Load (0.7ms)[0m  [1m[34mSELECT  "users".* FROM "users" WHERE "users"."id" = $1 LIMIT $2[0m  [["id", 0], ["LIMIT", 1]]
  ↳ app/controllers/users_controller.rb:22
  Rendering users/show.html.erb within layouts/application
  Rendered users/show.html.erb within layouts/application (0.4ms)
Completed 200 OK in 57ms (Views: 54.1ms | ActiveRecord: 0.7ms)


Started GET "/users/new_user_url" for ::1 at 2020-12-08 16:17:30 -0500
Processing by UsersController#show as HTML
  Parameters: {"id"=>"new_user_url"}
  [1m[36mUser Load (1.9ms)[0m  [1m[34mSELECT  "users".* FROM "users" WHERE "users"."id" = $1 LIMIT $2[0m  [["id", 0], ["LIMIT", 1]]
  ↳ app/controllers/users_controller.rb:22
  Rendering users/show.html.erb within layouts/application
  Rendered users/show.html.erb within layouts/application (0.3ms)
Completed 200 OK in 33ms (Views: 26.9ms | ActiveRecord: 1.9ms)


Started GET "/users/new_user_url" for ::1 at 2020-12-08 16:17:31 -0500
Processing by UsersController#show as HTML
  Parameters: {"id"=>"new_user_url"}
  [1m[36mUser Load (0.5ms)[0m  [1m[34mSELECT  "users".* FROM "users" WHERE "users"."id" = $1 LIMIT $2[0m  [["id", 0], ["LIMIT", 1]]
  ↳ app/controllers/users_controller.rb:22
  Rendering users/show.html.erb within layouts/application
  Rendered users/show.html.erb within layouts/application (0.4ms)
Completed 200 OK in 83ms (Views: 77.5ms | ActiveRecord: 0.5ms)


Started GET "/users/new_user_url" for ::1 at 2020-12-08 16:17:31 -0500
Processing by UsersController#show as HTML
  Parameters: {"id"=>"new_user_url"}
  [1m[36mUser Load (1.5ms)[0m  [1m[34mSELECT  "users".* FROM "users" WHERE "users"."id" = $1 LIMIT $2[0m  [["id", 0], ["LIMIT", 1]]
  ↳ app/controllers/users_controller.rb:22
  Rendering users/show.html.erb within layouts/application
  Rendered users/show.html.erb within layouts/application (0.2ms)
Completed 200 OK in 60ms (Views: 51.9ms | ActiveRecord: 1.5ms)


Started GET "/users/new_user_url" for ::1 at 2020-12-08 16:18:00 -0500
Processing by UsersController#show as HTML
  Parameters: {"id"=>"new_user_url"}
  [1m[36mUser Load (2.3ms)[0m  [1m[34mSELECT  "users".* FROM "users" WHERE "users"."id" = $1 LIMIT $2[0m  [["id", 0], ["LIMIT", 1]]
  ↳ app/controllers/users_controller.rb:22
  Rendering users/show.html.erb within layouts/application
  Rendered users/show.html.erb within layouts/application (0.5ms)
Completed 200 OK in 121ms (Views: 116.2ms | ActiveRecord: 2.3ms)


Started GET "/users/new_user_url" for ::1 at 2020-12-08 16:18:03 -0500
Processing by UsersController#show as HTML
  Parameters: {"id"=>"new_user_url"}
  [1m[36mUser Load (2.8ms)[0m  [1m[34mSELECT  "users".* FROM "users" WHERE "users"."id" = $1 LIMIT $2[0m  [["id", 0], ["LIMIT", 1]]
  ↳ app/controllers/users_controller.rb:22
  Rendering users/show.html.erb within layouts/application
  Rendered users/show.html.erb within layouts/application (0.3ms)
Completed 200 OK in 77ms (Views: 71.8ms | ActiveRecord: 2.8ms)


Started GET "/" for ::1 at 2020-12-08 16:18:07 -0500
Processing by Rails::WelcomeController#index as HTML
  Rendering /home/imollah/.rbenv/versions/2.5.1/lib/ruby/gems/2.5.0/gems/railties-5.2.4.4/lib/rails/templates/rails/welcome/index.html.erb
  Rendered /home/imollah/.rbenv/versions/2.5.1/lib/ruby/gems/2.5.0/gems/railties-5.2.4.4/lib/rails/templates/rails/welcome/index.html.erb (2.8ms)
Completed 200 OK in 12ms (Views: 9.0ms | ActiveRecord: 0.0ms)


Started GET "/users/new" for ::1 at 2020-12-08 16:18:11 -0500
Processing by UsersController#new as HTML
  Rendering users/new.html.erb within layouts/application
  Rendered users/new.html.erb within layouts/application (0.2ms)
Completed 200 OK in 33ms (Views: 32.3ms | ActiveRecord: 0.0ms)


Started GET "/session/new" for ::1 at 2020-12-08 16:18:13 -0500
Processing by SessionsController#new as HTML
  Rendering sessions/new.html.erb within layouts/application
  Rendered sessions/new.html.erb within layouts/application (0.5ms)
Completed 200 OK in 50ms (Views: 46.2ms | ActiveRecord: 0.0ms)


Started GET "/users/new" for ::1 at 2020-12-08 16:18:14 -0500
Processing by UsersController#new as HTML
  Rendering users/new.html.erb within layouts/application
  Rendered users/new.html.erb within layouts/application (0.4ms)
Completed 200 OK in 64ms (Views: 63.4ms | ActiveRecord: 0.0ms)


Started GET "/users/new" for ::1 at 2020-12-08 16:18:15 -0500
Processing by UsersController#new as HTML
  Rendering users/new.html.erb within layouts/application
  Rendered users/new.html.erb within layouts/application (0.2ms)
Completed 200 OK in 59ms (Views: 57.0ms | ActiveRecord: 0.0ms)


Started GET "/session/new" for ::1 at 2020-12-08 16:18:15 -0500
Processing by SessionsController#new as HTML
  Rendering sessions/new.html.erb within layouts/application
  Rendered sessions/new.html.erb within layouts/application (0.3ms)
Completed 200 OK in 85ms (Views: 84.3ms | ActiveRecord: 0.0ms)


Started GET "/session/new" for ::1 at 2020-12-08 16:18:16 -0500
Processing by SessionsController#new as HTML
  Rendering sessions/new.html.erb within layouts/application
  Rendered sessions/new.html.erb within layouts/application (1.6ms)
Completed 200 OK in 184ms (Views: 181.0ms | ActiveRecord: 0.0ms)


Started GET "/users/new" for ::1 at 2020-12-08 16:18:17 -0500
Processing by UsersController#new as HTML
  Rendering users/new.html.erb within layouts/application
  Rendered users/new.html.erb within layouts/application (2.2ms)
Completed 200 OK in 76ms (Views: 71.5ms | ActiveRecord: 0.0ms)


Started GET "/session/new" for ::1 at 2020-12-08 16:18:17 -0500
Processing by SessionsController#new as HTML
  Rendering sessions/new.html.erb within layouts/application
  Rendered sessions/new.html.erb within layouts/application (0.3ms)
Completed 200 OK in 126ms (Views: 99.5ms | ActiveRecord: 0.0ms)


Started GET "/session/new" for ::1 at 2020-12-08 16:18:18 -0500
Processing by SessionsController#new as HTML
  Rendering sessions/new.html.erb within layouts/application
  Rendered sessions/new.html.erb within layouts/application (0.5ms)
Completed 200 OK in 71ms (Views: 70.8ms | ActiveRecord: 0.0ms)


Started GET "/session/new" for ::1 at 2020-12-08 16:18:19 -0500
Processing by SessionsController#new as HTML
  Rendering sessions/new.html.erb within layouts/application
  Rendered sessions/new.html.erb within layouts/application (0.2ms)
Started GET "/users/new" for ::1 at 2020-12-08 16:18:20 -0500
Completed 200 OK in 308ms (Views: 307.2ms | ActiveRecord: 0.0ms)


Started GET "/users/new" for ::1 at 2020-12-08 16:18:20 -0500
Processing by UsersController#new as HTML
  Rendering users/new.html.erb within layouts/application
  Rendered users/new.html.erb within layouts/application (0.8ms)
Started GET "/session/new" for ::1 at 2020-12-08 16:18:20 -0500
Processing by UsersController#new as HTML
  Rendering users/new.html.erb within layouts/application
  Rendered users/new.html.erb within layouts/application (9.4ms)
Completed 200 OK in 314ms (Views: 313.4ms | ActiveRecord: 0.0ms)


Completed 200 OK in 185ms (Views: 184.3ms | ActiveRecord: 0.0ms)


Processing by SessionsController#new as HTML
  Rendering sessions/new.html.erb within layouts/application
  Rendered sessions/new.html.erb within layouts/application (0.3ms)
Completed 200 OK in 79ms (Views: 78.5ms | ActiveRecord: 0.0ms)


Started GET "/session/new" for ::1 at 2020-12-08 16:19:36 -0500
Processing by SessionsController#new as HTML
  Rendering sessions/new.html.erb within layouts/application
  Rendered sessions/new.html.erb within layouts/application (0.5ms)
Completed 200 OK in 67ms (Views: 66.0ms | ActiveRecord: 0.0ms)


Started GET "/session/new" for ::1 at 2020-12-08 16:19:39 -0500
Processing by SessionsController#new as HTML
  Rendering sessions/new.html.erb within layouts/application
  Rendered sessions/new.html.erb within layouts/application (1.1ms)
Completed 200 OK in 55ms (Views: 51.7ms | ActiveRecord: 0.0ms)


Started GET "/session/new" for ::1 at 2020-12-08 16:19:40 -0500
Processing by SessionsController#new as HTML
  Rendering sessions/new.html.erb within layouts/application
  Rendered sessions/new.html.erb within layouts/application (0.2ms)
Completed 200 OK in 48ms (Views: 47.5ms | ActiveRecord: 0.0ms)


Started GET "/session/new" for ::1 at 2020-12-08 16:19:40 -0500
Processing by SessionsController#new as HTML
  Rendering sessions/new.html.erb within layouts/application
  Rendered sessions/new.html.erb within layouts/application (0.2ms)
Started GET "/session/new" for ::1 at 2020-12-08 16:19:40 -0500
Processing by SessionsController#new as HTML
  Rendering sessions/new.html.erb within layouts/application
  Rendered sessions/new.html.erb within layouts/application (5.8ms)
Completed 200 OK in 228ms (Views: 227.2ms | ActiveRecord: 0.0ms)


Completed 200 OK in 327ms (Views: 326.6ms | ActiveRecord: 0.0ms)


Started GET "/users/new" for ::1 at 2020-12-08 16:19:41 -0500
Processing by UsersController#new as HTML
Started GET "/users/new" for ::1 at 2020-12-08 16:19:41 -0500
  Rendering users/new.html.erb within layouts/application
  Rendered users/new.html.erb within layouts/application (0.4ms)
Processing by UsersController#new as HTML
  Rendering users/new.html.erb within layouts/application
  Rendered users/new.html.erb within layouts/application (0.6ms)
Started GET "/users/new" for ::1 at 2020-12-08 16:19:41 -0500
Completed 200 OK in 211ms (Views: 210.4ms | ActiveRecord: 0.0ms)


Started GET "/users/new" for ::1 at 2020-12-08 16:19:41 -0500
Processing by UsersController#new as HTML
Completed 200 OK in 235ms (Views: 234.1ms | ActiveRecord: 0.0ms)


Processing by UsersController#new as HTML
  Rendering users/new.html.erb within layouts/application
  Rendered users/new.html.erb within layouts/application (0.2ms)
Started GET "/users/new" for ::1 at 2020-12-08 16:19:41 -0500
  Rendering users/new.html.erb within layouts/application
  Rendered users/new.html.erb within layouts/application (0.0ms)
Processing by UsersController#new as HTML
  Rendering users/new.html.erb within layouts/application
  Rendered users/new.html.erb within layouts/application (0.3ms)
Completed 200 OK in 162ms (Views: 161.1ms | ActiveRecord: 0.0ms)


Started GET "/users/new" for ::1 at 2020-12-08 16:19:42 -0500
Completed 200 OK in 57ms (Views: 56.0ms | ActiveRecord: 0.0ms)


Completed 200 OK in 281ms (Views: 276.4ms | ActiveRecord: 0.0ms)


Processing by UsersController#new as HTML
  Rendering users/new.html.erb within layouts/application
  Rendered users/new.html.erb within layouts/application (0.0ms)
Completed 200 OK in 67ms (Views: 66.5ms | ActiveRecord: 0.0ms)


Started GET "/session/new" for ::1 at 2020-12-08 16:19:42 -0500
Processing by SessionsController#new as HTML
  Rendering sessions/new.html.erb within layouts/application
  Rendered sessions/new.html.erb within layouts/application (0.3ms)
Completed 200 OK in 75ms (Views: 74.4ms | ActiveRecord: 0.0ms)


Started GET "/users/new" for ::1 at 2020-12-08 16:19:43 -0500
Processing by UsersController#new as HTML
  Rendering users/new.html.erb within layouts/application
  Rendered users/new.html.erb within layouts/application (0.2ms)
Started GET "/users/new" for ::1 at 2020-12-08 16:19:43 -0500
Completed 200 OK in 180ms (Views: 163.8ms | ActiveRecord: 0.0ms)


Processing by UsersController#new as HTML
  Rendering users/new.html.erb within layouts/application
Started GET "/users/new" for ::1 at 2020-12-08 16:19:43 -0500
  Rendered users/new.html.erb within layouts/application (0.4ms)
Processing by UsersController#new as HTML
  Rendering users/new.html.erb within layouts/application
  Rendered users/new.html.erb within layouts/application (0.5ms)
Completed 200 OK in 99ms (Views: 98.7ms | ActiveRecord: 0.0ms)


Completed 200 OK in 74ms (Views: 73.5ms | ActiveRecord: 0.0ms)


Started GET "/users/new" for ::1 at 2020-12-08 16:19:43 -0500
Processing by UsersController#new as HTML
  Rendering users/new.html.erb within layouts/application
  Rendered users/new.html.erb within layouts/application (0.3ms)
Completed 200 OK in 149ms (Views: 148.3ms | ActiveRecord: 0.0ms)


Started GET "/users/new" for ::1 at 2020-12-08 16:19:44 -0500
Processing by UsersController#new as HTML
  Rendering users/new.html.erb within layouts/application
  Rendered users/new.html.erb within layouts/application (0.4ms)
Started GET "/users/new" for ::1 at 2020-12-08 16:19:44 -0500
Processing by UsersController#new as HTML
  Rendering users/new.html.erb within layouts/application
  Rendered users/new.html.erb within layouts/application (0.9ms)
Completed 200 OK in 393ms (Views: 390.8ms | ActiveRecord: 0.0ms)


Completed 200 OK in 274ms (Views: 270.7ms | ActiveRecord: 0.0ms)


Started GET "/session/new" for ::1 at 2020-12-08 16:19:45 -0500
Processing by SessionsController#new as HTML
  Rendering sessions/new.html.erb within layouts/application
  Rendered sessions/new.html.erb within layouts/application (0.6ms)
Completed 200 OK in 172ms (Views: 171.7ms | ActiveRecord: 0.0ms)


Started GET "/users/new" for ::1 at 2020-12-08 16:19:45 -0500
Processing by UsersController#new as HTML
  Rendering users/new.html.erb within layouts/application
  Rendered users/new.html.erb within layouts/application (1.3ms)
Completed 200 OK in 186ms (Views: 183.3ms | ActiveRecord: 0.0ms)


Started GET "/users/new" for ::1 at 2020-12-08 16:19:46 -0500
Processing by UsersController#new as HTML
  Rendering users/new.html.erb within layouts/application
  Rendered users/new.html.erb within layouts/application (0.3ms)
Completed 200 OK in 34ms (Views: 33.5ms | ActiveRecord: 0.0ms)


Started GET "/session/new" for ::1 at 2020-12-08 16:19:46 -0500
Processing by SessionsController#new as HTML
  Rendering sessions/new.html.erb within layouts/application
  Rendered sessions/new.html.erb within layouts/application (0.3ms)
Started GET "/session/new" for ::1 at 2020-12-08 16:19:46 -0500
Completed 200 OK in 108ms (Views: 107.0ms | ActiveRecord: 0.0ms)


Processing by SessionsController#new as HTML
  Rendering sessions/new.html.erb within layouts/application
  Rendered sessions/new.html.erb within layouts/application (1.9ms)
Started GET "/users/new" for ::1 at 2020-12-08 16:19:46 -0500
Processing by UsersController#new as HTML
  Rendering users/new.html.erb within layouts/application
  Rendered users/new.html.erb within layouts/application (0.3ms)
Completed 200 OK in 210ms (Views: 209.0ms | ActiveRecord: 0.0ms)


Started GET "/session/new" for ::1 at 2020-12-08 16:19:46 -0500
Processing by SessionsController#new as HTML
  Rendering sessions/new.html.erb within layouts/application
Completed 200 OK in 173ms (Views: 171.7ms | ActiveRecord: 0.0ms)


  Rendered sessions/new.html.erb within layouts/application (0.5ms)
Completed 200 OK in 41ms (Views: 40.8ms | ActiveRecord: 0.0ms)


Started GET "/users/new" for ::1 at 2020-12-08 16:19:47 -0500
Processing by UsersController#new as HTML
  Rendering users/new.html.erb within layouts/application
  Rendered users/new.html.erb within layouts/application (0.9ms)
Completed 200 OK in 46ms (Views: 45.9ms | ActiveRecord: 0.0ms)


Started GET "/users/new" for ::1 at 2020-12-08 16:19:48 -0500
Processing by UsersController#new as HTML
  Rendering users/new.html.erb within layouts/application
  Rendered users/new.html.erb within layouts/application (0.5ms)
Completed 200 OK in 208ms (Views: 207.4ms | ActiveRecord: 0.0ms)


Started GET "/session/new" for ::1 at 2020-12-08 16:19:51 -0500
Processing by SessionsController#new as HTML
  Rendering sessions/new.html.erb within layouts/application
  Rendered sessions/new.html.erb within layouts/application (0.4ms)
Completed 200 OK in 86ms (Views: 85.9ms | ActiveRecord: 0.0ms)


Started GET "/users/new" for ::1 at 2020-12-08 16:19:52 -0500
Processing by UsersController#new as HTML
  Rendering users/new.html.erb within layouts/application
  Rendered users/new.html.erb within layouts/application (0.4ms)
Completed 200 OK in 191ms (Views: 190.2ms | ActiveRecord: 0.0ms)


Started GET "/session/new" for ::1 at 2020-12-08 16:19:52 -0500
Processing by SessionsController#new as HTML
  Rendering sessions/new.html.erb within layouts/application
  Rendered sessions/new.html.erb within layouts/application (0.3ms)
Completed 200 OK in 55ms (Views: 54.1ms | ActiveRecord: 0.0ms)


Started GET "/users/new" for ::1 at 2020-12-08 16:19:53 -0500
Processing by UsersController#new as HTML
  Rendering users/new.html.erb within layouts/application
  Rendered users/new.html.erb within layouts/application (0.2ms)
Completed 200 OK in 163ms (Views: 162.2ms | ActiveRecord: 0.0ms)


Started GET "/users/new" for ::1 at 2020-12-08 16:19:53 -0500
Processing by UsersController#new as HTML
  Rendering users/new.html.erb within layouts/application
  Rendered users/new.html.erb within layouts/application (0.3ms)
Completed 200 OK in 72ms (Views: 69.8ms | ActiveRecord: 0.0ms)


Started GET "/users" for ::1 at 2020-12-08 16:20:43 -0500
  
ActionController::RoutingError (No route matches [GET] "/users"):
  
actionpack (5.2.4.4) lib/action_dispatch/middleware/debug_exceptions.rb:65:in `call'
web-console (3.7.0) lib/web_console/middleware.rb:135:in `call_app'
web-console (3.7.0) lib/web_console/middleware.rb:30:in `block in call'
web-console (3.7.0) lib/web_console/middleware.rb:20:in `catch'
web-console (3.7.0) lib/web_console/middleware.rb:20:in `call'
actionpack (5.2.4.4) lib/action_dispatch/middleware/show_exceptions.rb:33:in `call'
railties (5.2.4.4) lib/rails/rack/logger.rb:38:in `call_app'
railties (5.2.4.4) lib/rails/rack/logger.rb:26:in `block in call'
activesupport (5.2.4.4) lib/active_support/tagged_logging.rb:71:in `block in tagged'
activesupport (5.2.4.4) lib/active_support/tagged_logging.rb:28:in `tagged'
activesupport (5.2.4.4) lib/active_support/tagged_logging.rb:71:in `tagged'
railties (5.2.4.4) lib/rails/rack/logger.rb:26:in `call'
sprockets-rails (3.2.2) lib/sprockets/rails/quiet_assets.rb:13:in `call'
actionpack (5.2.4.4) lib/action_dispatch/middleware/remote_ip.rb:81:in `call'
actionpack (5.2.4.4) lib/action_dispatch/middleware/request_id.rb:27:in `call'
rack (2.2.3) lib/rack/method_override.rb:24:in `call'
rack (2.2.3) lib/rack/runtime.rb:22:in `call'
activesupport (5.2.4.4) lib/active_support/cache/strategy/local_cache_middleware.rb:29:in `call'
actionpack (5.2.4.4) lib/action_dispatch/middleware/executor.rb:14:in `call'
actionpack (5.2.4.4) lib/action_dispatch/middleware/static.rb:127:in `call'
rack (2.2.3) lib/rack/sendfile.rb:110:in `call'
railties (5.2.4.4) lib/rails/engine.rb:524:in `call'
puma (3.12.6) lib/puma/configuration.rb:227:in `call'
puma (3.12.6) lib/puma/server.rb:706:in `handle_request'
puma (3.12.6) lib/puma/server.rb:476:in `process_client'
puma (3.12.6) lib/puma/server.rb:334:in `block in run'
puma (3.12.6) lib/puma/thread_pool.rb:135:in `block in spawn_thread'
Started GET "/users/new" for ::1 at 2020-12-08 16:20:47 -0500
Processing by UsersController#new as HTML
  Rendering users/new.html.erb within layouts/application
  Rendered users/new.html.erb within layouts/application (0.6ms)
Completed 200 OK in 46ms (Views: 45.5ms | ActiveRecord: 0.0ms)


Started GET "/users/new" for ::1 at 2020-12-08 16:20:53 -0500
Processing by UsersController#new as HTML
  Rendering users/new.html.erb within layouts/application
  Rendered users/new.html.erb within layouts/application (0.3ms)
Completed 200 OK in 45ms (Views: 44.1ms | ActiveRecord: 0.0ms)


Started GET "/session/new" for ::1 at 2020-12-08 16:20:54 -0500
Processing by SessionsController#new as HTML
  Rendering sessions/new.html.erb within layouts/application
  Rendered sessions/new.html.erb within layouts/application (0.5ms)
Completed 200 OK in 97ms (Views: 96.5ms | ActiveRecord: 0.0ms)


Started GET "/users/new" for ::1 at 2020-12-08 16:20:55 -0500
Processing by UsersController#new as HTML
  Rendering users/new.html.erb within layouts/application
  Rendered users/new.html.erb within layouts/application (0.3ms)
Completed 200 OK in 48ms (Views: 47.3ms | ActiveRecord: 0.0ms)


Started GET "/session/new" for ::1 at 2020-12-08 16:20:59 -0500
Processing by SessionsController#new as HTML
  Rendering sessions/new.html.erb within layouts/application
  Rendered sessions/new.html.erb within layouts/application (0.4ms)
Completed 200 OK in 54ms (Views: 54.1ms | ActiveRecord: 0.0ms)


Started GET "/session/new" for ::1 at 2020-12-08 16:20:59 -0500
Processing by SessionsController#new as HTML
  Rendering sessions/new.html.erb within layouts/application
  Rendered sessions/new.html.erb within layouts/application (0.5ms)
Completed 200 OK in 68ms (Views: 61.5ms | ActiveRecord: 0.0ms)


Started GET "/session/new" for ::1 at 2020-12-08 16:21:00 -0500
Processing by SessionsController#new as HTML
  Rendering sessions/new.html.erb within layouts/application
  Rendered sessions/new.html.erb within layouts/application (1.1ms)
Completed 200 OK in 63ms (Views: 62.1ms | ActiveRecord: 0.0ms)


Started GET "/session/new" for ::1 at 2020-12-08 16:21:00 -0500
Processing by SessionsController#new as HTML
  Rendering sessions/new.html.erb within layouts/application
  Rendered sessions/new.html.erb within layouts/application (0.7ms)
Completed 200 OK in 52ms (Views: 50.2ms | ActiveRecord: 0.0ms)


Started GET "/session/new" for ::1 at 2020-12-08 16:21:01 -0500
Processing by SessionsController#new as HTML
  Rendering sessions/new.html.erb within layouts/application
  Rendered sessions/new.html.erb within layouts/application (0.4ms)
Completed 200 OK in 81ms (Views: 77.1ms | ActiveRecord: 0.0ms)


Started GET "/session/new" for ::1 at 2020-12-08 16:21:01 -0500
Processing by SessionsController#new as HTML
  Rendering sessions/new.html.erb within layouts/application
  Rendered sessions/new.html.erb within layouts/application (0.3ms)
Completed 200 OK in 41ms (Views: 40.6ms | ActiveRecord: 0.0ms)


Started GET "/session/new" for ::1 at 2020-12-08 16:21:02 -0500
Processing by SessionsController#new as HTML
  Rendering sessions/new.html.erb within layouts/application
  Rendered sessions/new.html.erb within layouts/application (0.3ms)
Completed 200 OK in 66ms (Views: 63.7ms | ActiveRecord: 0.0ms)


Started GET "/session/new" for ::1 at 2020-12-08 16:21:02 -0500
Processing by SessionsController#new as HTML
  Rendering sessions/new.html.erb within layouts/application
  Rendered sessions/new.html.erb within layouts/application (0.4ms)
Completed 200 OK in 57ms (Views: 56.6ms | ActiveRecord: 0.0ms)


Started GET "/session/new" for ::1 at 2020-12-08 16:21:03 -0500
Processing by SessionsController#new as HTML
  Rendering sessions/new.html.erb within layouts/application
  Rendered sessions/new.html.erb within layouts/application (0.2ms)
Completed 200 OK in 30ms (Views: 29.7ms | ActiveRecord: 0.0ms)


Started GET "/session/new" for ::1 at 2020-12-08 16:21:03 -0500
Processing by SessionsController#new as HTML
  Rendering sessions/new.html.erb within layouts/application
  Rendered sessions/new.html.erb within layouts/application (14.3ms)
Completed 200 OK in 180ms (Views: 179.7ms | ActiveRecord: 0.0ms)


Started GET "/users/new" for ::1 at 2020-12-08 16:21:04 -0500
Processing by UsersController#new as HTML
  Rendering users/new.html.erb within layouts/application
  Rendered users/new.html.erb within layouts/application (0.3ms)
Completed 200 OK in 134ms (Views: 133.2ms | ActiveRecord: 0.0ms)


Started GET "/session/new" for ::1 at 2020-12-08 16:21:04 -0500
Processing by SessionsController#new as HTML
  Rendering sessions/new.html.erb within layouts/application
  Rendered sessions/new.html.erb within layouts/application (0.8ms)
Completed 200 OK in 137ms (Views: 136.3ms | ActiveRecord: 0.0ms)


Started GET "/users/new" for ::1 at 2020-12-08 16:21:08 -0500
Processing by UsersController#new as HTML
  Rendering users/new.html.erb within layouts/application
  Rendered users/new.html.erb within layouts/application (0.4ms)
Completed 200 OK in 77ms (Views: 76.8ms | ActiveRecord: 0.0ms)


  [1m[35m (1.1ms)[0m  [1m[34mSELECT pg_try_advisory_lock(1555902080779534005)[0m
  ↳ bin/rails:9
  [1m[35m (0.7ms)[0m  [1m[34mSELECT "schema_migrations"."version" FROM "schema_migrations" ORDER BY "schema_migrations"."version" ASC[0m
  ↳ bin/rails:9
Migrating to CreateBands (20201208212541)
  [1m[35m (2.2ms)[0m  [1m[35mBEGIN[0m
  ↳ bin/rails:9
  [1m[35m (114.3ms)[0m  [1m[35mCREATE TABLE "bands" ("id" bigserial primary key, "name" character varying NOT NULL, "created_at" timestamp NOT NULL, "updated_at" timestamp NOT NULL)[0m
  ↳ db/migrate/20201208212541_create_bands.rb:3
  [1m[36mActiveRecord::SchemaMigration Create (7.7ms)[0m  [1m[32mINSERT INTO "schema_migrations" ("version") VALUES ($1) RETURNING "version"[0m  [["version", "20201208212541"]]
  ↳ bin/rails:9
  [1m[35m (20.1ms)[0m  [1m[35mCOMMIT[0m
  ↳ bin/rails:9
  [1m[36mActiveRecord::InternalMetadata Load (27.4ms)[0m  [1m[34mSELECT  "ar_internal_metadata".* FROM "ar_internal_metadata" WHERE "ar_internal_metadata"."key" = $1 LIMIT $2[0m  [["key", "environment"], ["LIMIT", 1]]
  ↳ bin/rails:9
  [1m[35m (21.4ms)[0m  [1m[35mBEGIN[0m
  ↳ bin/rails:9
  [1m[35m (19.7ms)[0m  [1m[35mCOMMIT[0m
  ↳ bin/rails:9
  [1m[35m (0.5ms)[0m  [1m[34mSELECT pg_advisory_unlock(1555902080779534005)[0m
  ↳ bin/rails:9
  [1m[35m (0.6ms)[0m  [1m[34mSELECT "schema_migrations"."version" FROM "schema_migrations" ORDER BY "schema_migrations"."version" ASC[0m
  ↳ bin/rails:9
Started GET "/users/new" for ::1 at 2020-12-08 16:53:10 -0500
  [1m[35m (26.4ms)[0m  [1m[34mSELECT "schema_migrations"."version" FROM "schema_migrations" ORDER BY "schema_migrations"."version" ASC[0m
  ↳ /home/imollah/.rbenv/versions/2.5.1/lib/ruby/gems/2.5.0/gems/activerecord-5.2.4.4/lib/active_record/log_subscriber.rb:98
Processing by UsersController#new as HTML
  Rendering users/new.html.erb within layouts/application
  Rendered users/new.html.erb within layouts/application (0.3ms)
Completed 200 OK in 181ms (Views: 87.7ms | ActiveRecord: 84.8ms)


  [1m[35m (0.8ms)[0m  [1m[34mSELECT "schema_migrations"."version" FROM "schema_migrations" ORDER BY "schema_migrations"."version" ASC[0m
  ↳ bin/rails:9
  [1m[36mUser Load (6.9ms)[0m  [1m[34mSELECT "users".* FROM "users"[0m
  ↳ db/seeds.rb:9
  [1m[36mBand Load (12.7ms)[0m  [1m[34mSELECT "bands".* FROM "bands"[0m
  ↳ db/seeds.rb:10
Started GET "/session/new" for ::1 at 2020-12-08 16:56:44 -0500
Processing by SessionsController#new as HTML
  Rendering sessions/new.html.erb within layouts/application
  Rendered sessions/new.html.erb within layouts/application (0.7ms)
Completed 200 OK in 155ms (Views: 153.9ms | ActiveRecord: 0.0ms)


Started GET "/session/new" for ::1 at 2020-12-08 16:56:46 -0500
Processing by SessionsController#new as HTML
  Rendering sessions/new.html.erb within layouts/application
  Rendered sessions/new.html.erb within layouts/application (0.7ms)
Completed 200 OK in 57ms (Views: 56.4ms | ActiveRecord: 0.0ms)


Started GET "/users/new" for ::1 at 2020-12-08 16:56:47 -0500
Processing by UsersController#new as HTML
  Rendering users/new.html.erb within layouts/application
  Rendered users/new.html.erb within layouts/application (0.4ms)
Completed 200 OK in 52ms (Views: 50.7ms | ActiveRecord: 0.0ms)


Started GET "/bands" for ::1 at 2020-12-08 16:56:51 -0500
Processing by BandsController#index as HTML
  Rendering bands/index.html.erb within layouts/application
  [1m[36mBand Load (2.5ms)[0m  [1m[34mSELECT "bands".* FROM "bands"[0m
  ↳ app/views/bands/index.html.erb:4
  Rendered bands/index.html.erb within layouts/application (12.2ms)
Completed 200 OK in 73ms (Views: 63.5ms | ActiveRecord: 7.0ms)


  [1m[35m (0.9ms)[0m  [1m[34mSELECT "schema_migrations"."version" FROM "schema_migrations" ORDER BY "schema_migrations"."version" ASC[0m
  ↳ bin/rails:9
  [1m[36mUser Load (0.8ms)[0m  [1m[34mSELECT "users".* FROM "users"[0m
  ↳ db/seeds.rb:9
  [1m[36mBand Load (0.5ms)[0m  [1m[34mSELECT "bands".* FROM "bands"[0m
  ↳ db/seeds.rb:10
  [1m[35m (0.3ms)[0m  [1m[35mBEGIN[0m
  ↳ db/seeds.rb:16
  [1m[36mUser Exists (0.5ms)[0m  [1m[34mSELECT  1 AS one FROM "users" WHERE "users"."email" = $1 LIMIT $2[0m  [["email", "james@park.com"], ["LIMIT", 1]]
  ↳ db/seeds.rb:16
  [1m[36mUser Exists (0.2ms)[0m  [1m[34mSELECT  1 AS one FROM "users" WHERE "users"."session_token" = $1 LIMIT $2[0m  [["session_token", "NoHnQVZuifHoAR8zYXesGg"], ["LIMIT", 1]]
  ↳ db/seeds.rb:16
  [1m[36mUser Create (1.6ms)[0m  [1m[32mINSERT INTO "users" ("email", "password_digest", "session_token", "created_at", "updated_at") VALUES ($1, $2, $3, $4, $5) RETURNING "id"[0m  [["email", "james@park.com"], ["password_digest", "$2a$12$N5MpGrN3GPXLpdn5TxpMVeN9HjsfWbHHckaKQzt/y7fFmShmWU3Di"], ["session_token", "NoHnQVZuifHoAR8zYXesGg"], ["created_at", "2020-12-08 21:57:30.450552"], ["updated_at", "2020-12-08 21:57:30.450552"]]
  ↳ db/seeds.rb:16
  [1m[35m (5.6ms)[0m  [1m[35mCOMMIT[0m
  ↳ db/seeds.rb:16
  [1m[35m (0.4ms)[0m  [1m[35mBEGIN[0m
  ↳ db/seeds.rb:17
  [1m[36mUser Exists (0.3ms)[0m  [1m[34mSELECT  1 AS one FROM "users" WHERE "users"."email" = $1 LIMIT $2[0m  [["email", "jung@park.com"], ["LIMIT", 1]]
  ↳ db/seeds.rb:17
  [1m[36mUser Exists (0.3ms)[0m  [1m[34mSELECT  1 AS one FROM "users" WHERE "users"."session_token" = $1 LIMIT $2[0m  [["session_token", "yalwyQNIeFttTe0PHBkAIQ"], ["LIMIT", 1]]
  ↳ db/seeds.rb:17
  [1m[36mUser Create (0.4ms)[0m  [1m[32mINSERT INTO "users" ("email", "password_digest", "session_token", "created_at", "updated_at") VALUES ($1, $2, $3, $4, $5) RETURNING "id"[0m  [["email", "jung@park.com"], ["password_digest", "$2a$12$Ynlvi7YRMR/SJNEjdi2yh.0ON0gn7YDpuGoa3nj319LFxg4vxAl3q"], ["session_token", "yalwyQNIeFttTe0PHBkAIQ"], ["created_at", "2020-12-08 21:57:30.773916"], ["updated_at", "2020-12-08 21:57:30.773916"]]
  ↳ db/seeds.rb:17
  [1m[35m (0.3ms)[0m  [1m[35mCOMMIT[0m
  ↳ db/seeds.rb:17
  [1m[35m (0.2ms)[0m  [1m[35mBEGIN[0m
  ↳ db/seeds.rb:20
  [1m[36mBand Create (1.4ms)[0m  [1m[32mINSERT INTO "bands" ("name", "created_at", "updated_at") VALUES ($1, $2, $3) RETURNING "id"[0m  [["name", "Linkin Park"], ["created_at", "2020-12-08 21:57:30.783749"], ["updated_at", "2020-12-08 21:57:30.783749"]]
  ↳ db/seeds.rb:20
  [1m[35m (0.3ms)[0m  [1m[35mCOMMIT[0m
  ↳ db/seeds.rb:20
  [1m[35m (0.2ms)[0m  [1m[35mBEGIN[0m
  ↳ db/seeds.rb:21
  [1m[36mBand Create (0.5ms)[0m  [1m[32mINSERT INTO "bands" ("name", "created_at", "updated_at") VALUES ($1, $2, $3) RETURNING "id"[0m  [["name", "World Star"], ["created_at", "2020-12-08 21:57:30.788452"], ["updated_at", "2020-12-08 21:57:30.788452"]]
  ↳ db/seeds.rb:21
  [1m[35m (0.3ms)[0m  [1m[35mCOMMIT[0m
  ↳ db/seeds.rb:21
Started GET "/bands" for ::1 at 2020-12-08 16:57:54 -0500
Processing by BandsController#index as HTML
  Rendering bands/index.html.erb within layouts/application
  [1m[36mBand Load (0.4ms)[0m  [1m[34mSELECT "bands".* FROM "bands"[0m
  ↳ app/views/bands/index.html.erb:4
  Rendered bands/index.html.erb within layouts/application (22.0ms)
Completed 200 OK in 61ms (Views: 57.6ms | ActiveRecord: 2.7ms)


Started GET "/bands" for ::1 at 2020-12-08 16:58:42 -0500
Processing by BandsController#index as HTML
  Rendering bands/index.html.erb within layouts/application
  [1m[36mBand Load (0.5ms)[0m  [1m[34mSELECT "bands".* FROM "bands"[0m
  ↳ app/views/bands/index.html.erb:4
  Rendered bands/index.html.erb within layouts/application (3.1ms)
Completed 200 OK in 79ms (Views: 77.7ms | ActiveRecord: 0.5ms)


Started GET "/bands/1" for ::1 at 2020-12-08 16:58:47 -0500
Processing by BandsController#show as HTML
  Parameters: {"id"=>"1"}
  [1m[36mBand Load (0.4ms)[0m  [1m[34mSELECT  "bands".* FROM "bands" WHERE "bands"."id" = $1 LIMIT $2[0m  [["id", 1], ["LIMIT", 1]]
  ↳ app/controllers/bands_controller.rb:8
  Rendering bands/show.html.erb within layouts/application
  Rendered bands/show.html.erb within layouts/application (0.3ms)
Completed 200 OK in 78ms (Views: 74.0ms | ActiveRecord: 0.5ms)


Started GET "/bands/2" for ::1 at 2020-12-08 16:58:50 -0500
Processing by BandsController#show as HTML
  Parameters: {"id"=>"2"}
  [1m[36mBand Load (0.3ms)[0m  [1m[34mSELECT  "bands".* FROM "bands" WHERE "bands"."id" = $1 LIMIT $2[0m  [["id", 2], ["LIMIT", 1]]
  ↳ app/controllers/bands_controller.rb:8
  Rendering bands/show.html.erb within layouts/application
  Rendered bands/show.html.erb within layouts/application (0.3ms)
Completed 200 OK in 68ms (Views: 64.9ms | ActiveRecord: 0.3ms)


Started GET "/bands/1" for ::1 at 2020-12-08 16:58:53 -0500
Processing by BandsController#show as HTML
  Parameters: {"id"=>"1"}
  [1m[36mBand Load (0.5ms)[0m  [1m[34mSELECT  "bands".* FROM "bands" WHERE "bands"."id" = $1 LIMIT $2[0m  [["id", 1], ["LIMIT", 1]]
  ↳ app/controllers/bands_controller.rb:8
  Rendering bands/show.html.erb within layouts/application
  Rendered bands/show.html.erb within layouts/application (0.6ms)
Completed 200 OK in 49ms (Views: 45.6ms | ActiveRecord: 0.5ms)


Started GET "/bands/1" for ::1 at 2020-12-08 16:58:55 -0500
Processing by BandsController#show as HTML
  Parameters: {"id"=>"1"}
  [1m[36mBand Load (32.5ms)[0m  [1m[34mSELECT  "bands".* FROM "bands" WHERE "bands"."id" = $1 LIMIT $2[0m  [["id", 1], ["LIMIT", 1]]
  ↳ app/controllers/bands_controller.rb:8
  Rendering bands/show.html.erb within layouts/application
  Rendered bands/show.html.erb within layouts/application (0.6ms)
Completed 200 OK in 267ms (Views: 213.6ms | ActiveRecord: 32.5ms)


Started GET "/bands/2" for ::1 at 2020-12-08 16:58:57 -0500
Processing by BandsController#show as HTML
  Parameters: {"id"=>"2"}
  [1m[36mBand Load (0.4ms)[0m  [1m[34mSELECT  "bands".* FROM "bands" WHERE "bands"."id" = $1 LIMIT $2[0m  [["id", 2], ["LIMIT", 1]]
  ↳ app/controllers/bands_controller.rb:8
  Rendering bands/show.html.erb within layouts/application
  Rendered bands/show.html.erb within layouts/application (0.3ms)
Completed 200 OK in 181ms (Views: 169.1ms | ActiveRecord: 0.4ms)


Started GET "/bands/new" for ::1 at 2020-12-08 16:59:18 -0500
Processing by BandsController#new as HTML
  Rendering bands/new.html.erb within layouts/application
  Rendered bands/new.html.erb within layouts/application (1.0ms)
Completed 200 OK in 94ms (Views: 93.9ms | ActiveRecord: 0.0ms)


Started GET "/bands" for ::1 at 2020-12-08 17:01:12 -0500
Processing by BandsController#index as HTML
  Rendering bands/index.html.erb within layouts/application
  [1m[36mBand Load (9.0ms)[0m  [1m[34mSELECT "bands".* FROM "bands"[0m
  ↳ app/views/bands/index.html.erb:4
  Rendered bands/index.html.erb within layouts/application (11.8ms)
Completed 200 OK in 69ms (Views: 59.2ms | ActiveRecord: 9.0ms)


Started GET "/bands/1" for ::1 at 2020-12-08 17:01:14 -0500
Processing by BandsController#show as HTML
  Parameters: {"id"=>"1"}
  [1m[36mBand Load (1.0ms)[0m  [1m[34mSELECT  "bands".* FROM "bands" WHERE "bands"."id" = $1 LIMIT $2[0m  [["id", 1], ["LIMIT", 1]]
  ↳ app/controllers/bands_controller.rb:8
  Rendering bands/show.html.erb within layouts/application
  Rendered bands/show.html.erb within layouts/application (418.7ms)
Completed 500 Internal Server Error in 450ms (ActiveRecord: 1.0ms)



NameError - undefined local variable or method `band' for #<#<Class:0x00007fda3df0b5f8>:0x00007fda4029f4b0>
Did you mean?  @band:
  app/views/bands/show.html.erb:1:in `_app_views_bands_show_html_erb__3900814802321874832_70287678042360'
  app/controllers/bands_controller.rb:9:in `show'

Started POST "/__better_errors/d87cd76566e355ec/variables" for ::1 at 2020-12-08 17:01:15 -0500
Started GET "/bands/1" for ::1 at 2020-12-08 17:01:59 -0500
Processing by BandsController#show as HTML
  Parameters: {"id"=>"1"}
  [1m[36mBand Load (0.3ms)[0m  [1m[34mSELECT  "bands".* FROM "bands" WHERE "bands"."id" = $1 LIMIT $2[0m  [["id", 1], ["LIMIT", 1]]
  ↳ app/controllers/bands_controller.rb:8
  Rendering bands/show.html.erb within layouts/application
  Rendered bands/show.html.erb within layouts/application (0.4ms)
Completed 200 OK in 68ms (Views: 60.5ms | ActiveRecord: 0.3ms)


Started GET "/bands" for ::1 at 2020-12-08 17:19:49 -0500
Processing by BandsController#index as HTML
  Rendering bands/index.html.erb within layouts/application
  [1m[36mBand Load (13.4ms)[0m  [1m[34mSELECT "bands".* FROM "bands"[0m
  ↳ app/views/bands/index.html.erb:4
  Rendered bands/index.html.erb within layouts/application (47.3ms)
Completed 200 OK in 123ms (Views: 86.7ms | ActiveRecord: 33.2ms)


Started GET "/bands/new" for ::1 at 2020-12-08 17:19:56 -0500
Processing by BandsController#new as HTML
  Rendering bands/new.html.erb within layouts/application
  Rendered bands/new.html.erb within layouts/application (641.0ms)
Completed 500 Internal Server Error in 661ms (ActiveRecord: 0.0ms)



NameError - undefined local variable or method `band' for #<#<Class:0x00007fda2c29b0b8>:0x00007fda38157b00>
Did you mean?  @band:
  app/views/bands/new.html.erb:6:in `_app_views_bands_new_html_erb__250479499925118343_70287610262560'
  app/controllers/bands_controller.rb:14:in `new'

Started POST "/__better_errors/51d149b49dd294f0/variables" for ::1 at 2020-12-08 17:19:58 -0500
Started GET "/bands/new" for ::1 at 2020-12-08 17:20:20 -0500
Processing by BandsController#new as HTML
  Rendering bands/new.html.erb within layouts/application
  Rendered bands/new.html.erb within layouts/application (0.6ms)
Completed 200 OK in 77ms (Views: 65.1ms | ActiveRecord: 0.0ms)


Started POST "/bands/bands_url" for ::1 at 2020-12-08 17:21:21 -0500
  
ActionController::RoutingError (No route matches [POST] "/bands/bands_url"):
  
actionpack (5.2.4.4) lib/action_dispatch/middleware/debug_exceptions.rb:65:in `call'
web-console (3.7.0) lib/web_console/middleware.rb:135:in `call_app'
web-console (3.7.0) lib/web_console/middleware.rb:30:in `block in call'
web-console (3.7.0) lib/web_console/middleware.rb:20:in `catch'
web-console (3.7.0) lib/web_console/middleware.rb:20:in `call'
actionpack (5.2.4.4) lib/action_dispatch/middleware/show_exceptions.rb:33:in `call'
railties (5.2.4.4) lib/rails/rack/logger.rb:38:in `call_app'
railties (5.2.4.4) lib/rails/rack/logger.rb:26:in `block in call'
activesupport (5.2.4.4) lib/active_support/tagged_logging.rb:71:in `block in tagged'
activesupport (5.2.4.4) lib/active_support/tagged_logging.rb:28:in `tagged'
activesupport (5.2.4.4) lib/active_support/tagged_logging.rb:71:in `tagged'
railties (5.2.4.4) lib/rails/rack/logger.rb:26:in `call'
sprockets-rails (3.2.2) lib/sprockets/rails/quiet_assets.rb:13:in `call'
actionpack (5.2.4.4) lib/action_dispatch/middleware/remote_ip.rb:81:in `call'
actionpack (5.2.4.4) lib/action_dispatch/middleware/request_id.rb:27:in `call'
rack (2.2.3) lib/rack/method_override.rb:24:in `call'
rack (2.2.3) lib/rack/runtime.rb:22:in `call'
activesupport (5.2.4.4) lib/active_support/cache/strategy/local_cache_middleware.rb:29:in `call'
actionpack (5.2.4.4) lib/action_dispatch/middleware/executor.rb:14:in `call'
actionpack (5.2.4.4) lib/action_dispatch/middleware/static.rb:127:in `call'
rack (2.2.3) lib/rack/sendfile.rb:110:in `call'
railties (5.2.4.4) lib/rails/engine.rb:524:in `call'
puma (3.12.6) lib/puma/configuration.rb:227:in `call'
puma (3.12.6) lib/puma/server.rb:706:in `handle_request'
puma (3.12.6) lib/puma/server.rb:476:in `process_client'
puma (3.12.6) lib/puma/server.rb:334:in `block in run'
puma (3.12.6) lib/puma/thread_pool.rb:135:in `block in spawn_thread'
Started GET "/bands" for ::1 at 2020-12-08 17:22:57 -0500
Processing by BandsController#index as HTML
  Rendering bands/index.html.erb within layouts/application
  [1m[36mBand Load (0.4ms)[0m  [1m[34mSELECT "bands".* FROM "bands"[0m
  ↳ app/views/bands/index.html.erb:4
  Rendered bands/index.html.erb within layouts/application (17.6ms)
Completed 200 OK in 80ms (Views: 69.7ms | ActiveRecord: 5.0ms)


Started GET "/bands/new" for ::1 at 2020-12-08 17:22:59 -0500
Processing by BandsController#new as HTML
  Rendering bands/new.html.erb within layouts/application
  Rendered bands/new.html.erb within layouts/application (6.0ms)
Completed 200 OK in 104ms (Views: 101.7ms | ActiveRecord: 0.0ms)


Started GET "/bands/bands_url?authenticity_token=KCalidrMzzUFpRSsuts6UZiN%2FUsXZscfAB5XQD2JhAm2d7CWg06dTWubtp7eXa0VQd0ZiwQy1l%2BKbCv9vuuAHA%3D%3D&band%5Bname%5D=Juice+Was" for ::1 at 2020-12-08 17:24:35 -0500
Processing by BandsController#show as HTML
  Parameters: {"authenticity_token"=>"KCalidrMzzUFpRSsuts6UZiN/UsXZscfAB5XQD2JhAm2d7CWg06dTWubtp7eXa0VQd0ZiwQy1l+KbCv9vuuAHA==", "band"=>{"name"=>"Juice Was"}, "id"=>"bands_url"}
  [1m[36mBand Load (0.6ms)[0m  [1m[34mSELECT  "bands".* FROM "bands" WHERE "bands"."id" = $1 LIMIT $2[0m  [["id", 0], ["LIMIT", 1]]
  ↳ app/controllers/bands_controller.rb:8
  Rendering bands/show.html.erb within layouts/application
  Rendered bands/show.html.erb within layouts/application (38.5ms)
Completed 500 Internal Server Error in 75ms (ActiveRecord: 0.8ms)



NoMethodError - undefined method `name' for nil:NilClass:
  app/views/bands/show.html.erb:1:in `_app_views_bands_show_html_erb__3900814802321874832_70287652698120'
  app/controllers/bands_controller.rb:9:in `show'

Started POST "/__better_errors/f7031014a84a3a68/variables" for ::1 at 2020-12-08 17:24:35 -0500
Started GET "/bands/bands_url?authenticity_token=0QknN5KBwn8y2VuQNahoWtPU57ldquL5zjLpxMBTa2xPWDIoywOQB1zn%2BaJRLv8eCoQDeU7%2B87lEQJV5QzFveQ%3D%3D&band%5Bname%5D=Juice+Will+Be" for ::1 at 2020-12-08 17:25:13 -0500
Processing by BandsController#show as HTML
  Parameters: {"authenticity_token"=>"0QknN5KBwn8y2VuQNahoWtPU57ldquL5zjLpxMBTa2xPWDIoywOQB1zn+aJRLv8eCoQDeU7+87lEQJV5QzFveQ==", "band"=>{"name"=>"Juice Will Be"}, "id"=>"bands_url"}
  [1m[36mBand Load (0.3ms)[0m  [1m[34mSELECT  "bands".* FROM "bands" WHERE "bands"."id" = $1 LIMIT $2[0m  [["id", 0], ["LIMIT", 1]]
  ↳ app/controllers/bands_controller.rb:8
  Rendering bands/show.html.erb within layouts/application
  Rendered bands/show.html.erb within layouts/application (24.3ms)
Completed 500 Internal Server Error in 82ms (ActiveRecord: 0.3ms)



NoMethodError - undefined method `name' for nil:NilClass:
  app/views/bands/show.html.erb:1:in `_app_views_bands_show_html_erb__3900814802321874832_70287660619840'
  app/controllers/bands_controller.rb:9:in `show'

Started POST "/__better_errors/c8ff4f3f7b8a797f/variables" for ::1 at 2020-12-08 17:25:13 -0500
Started GET "/bands" for ::1 at 2020-12-08 17:27:17 -0500
Processing by BandsController#index as HTML
  Rendering bands/index.html.erb within layouts/application
  [1m[36mBand Load (0.4ms)[0m  [1m[34mSELECT "bands".* FROM "bands"[0m
  ↳ app/views/bands/index.html.erb:4
  Rendered bands/index.html.erb within layouts/application (3.1ms)
Completed 200 OK in 66ms (Views: 65.1ms | ActiveRecord: 0.4ms)


Started GET "/bands/1" for ::1 at 2020-12-08 17:27:22 -0500
Processing by BandsController#show as HTML
  Parameters: {"id"=>"1"}
  [1m[36mBand Load (0.3ms)[0m  [1m[34mSELECT  "bands".* FROM "bands" WHERE "bands"."id" = $1 LIMIT $2[0m  [["id", 1], ["LIMIT", 1]]
  ↳ app/controllers/bands_controller.rb:8
  Rendering bands/show.html.erb within layouts/application
  Rendered bands/show.html.erb within layouts/application (0.7ms)
Completed 200 OK in 57ms (Views: 52.1ms | ActiveRecord: 0.3ms)


Started GET "/bands/2" for ::1 at 2020-12-08 17:27:25 -0500
Processing by BandsController#show as HTML
  Parameters: {"id"=>"2"}
  [1m[36mBand Load (0.4ms)[0m  [1m[34mSELECT  "bands".* FROM "bands" WHERE "bands"."id" = $1 LIMIT $2[0m  [["id", 2], ["LIMIT", 1]]
  ↳ app/controllers/bands_controller.rb:8
  Rendering bands/show.html.erb within layouts/application
  Rendered bands/show.html.erb within layouts/application (0.6ms)
Completed 200 OK in 58ms (Views: 53.5ms | ActiveRecord: 0.4ms)


Started GET "/bands/new" for ::1 at 2020-12-08 17:27:30 -0500
Processing by BandsController#new as HTML
  Rendering bands/new.html.erb within layouts/application
  Rendered bands/new.html.erb within layouts/application (0.5ms)
Completed 200 OK in 47ms (Views: 46.2ms | ActiveRecord: 0.0ms)


Started POST "/bands/bands_url" for ::1 at 2020-12-08 17:27:38 -0500
  
ActionController::RoutingError (No route matches [POST] "/bands/bands_url"):
  
actionpack (5.2.4.4) lib/action_dispatch/middleware/debug_exceptions.rb:65:in `call'
web-console (3.7.0) lib/web_console/middleware.rb:135:in `call_app'
web-console (3.7.0) lib/web_console/middleware.rb:30:in `block in call'
web-console (3.7.0) lib/web_console/middleware.rb:20:in `catch'
web-console (3.7.0) lib/web_console/middleware.rb:20:in `call'
actionpack (5.2.4.4) lib/action_dispatch/middleware/show_exceptions.rb:33:in `call'
railties (5.2.4.4) lib/rails/rack/logger.rb:38:in `call_app'
railties (5.2.4.4) lib/rails/rack/logger.rb:26:in `block in call'
activesupport (5.2.4.4) lib/active_support/tagged_logging.rb:71:in `block in tagged'
activesupport (5.2.4.4) lib/active_support/tagged_logging.rb:28:in `tagged'
activesupport (5.2.4.4) lib/active_support/tagged_logging.rb:71:in `tagged'
railties (5.2.4.4) lib/rails/rack/logger.rb:26:in `call'
sprockets-rails (3.2.2) lib/sprockets/rails/quiet_assets.rb:13:in `call'
actionpack (5.2.4.4) lib/action_dispatch/middleware/remote_ip.rb:81:in `call'
actionpack (5.2.4.4) lib/action_dispatch/middleware/request_id.rb:27:in `call'
rack (2.2.3) lib/rack/method_override.rb:24:in `call'
rack (2.2.3) lib/rack/runtime.rb:22:in `call'
activesupport (5.2.4.4) lib/active_support/cache/strategy/local_cache_middleware.rb:29:in `call'
actionpack (5.2.4.4) lib/action_dispatch/middleware/executor.rb:14:in `call'
actionpack (5.2.4.4) lib/action_dispatch/middleware/static.rb:127:in `call'
rack (2.2.3) lib/rack/sendfile.rb:110:in `call'
railties (5.2.4.4) lib/rails/engine.rb:524:in `call'
puma (3.12.6) lib/puma/configuration.rb:227:in `call'
puma (3.12.6) lib/puma/server.rb:706:in `handle_request'
puma (3.12.6) lib/puma/server.rb:476:in `process_client'
puma (3.12.6) lib/puma/server.rb:334:in `block in run'
puma (3.12.6) lib/puma/thread_pool.rb:135:in `block in spawn_thread'
Started GET "/bands" for ::1 at 2020-12-08 17:29:01 -0500
Processing by BandsController#index as HTML
  Rendering bands/index.html.erb within layouts/application
  [1m[36mBand Load (1.4ms)[0m  [1m[34mSELECT "bands".* FROM "bands"[0m
  ↳ app/views/bands/index.html.erb:4
  Rendered bands/index.html.erb within layouts/application (14.5ms)
Completed 200 OK in 89ms (Views: 78.3ms | ActiveRecord: 7.3ms)


Started GET "/bands/new" for ::1 at 2020-12-08 17:29:02 -0500
Processing by BandsController#new as HTML
  Rendering bands/new.html.erb within layouts/application
  Rendered bands/new.html.erb within layouts/application (2.4ms)
Completed 200 OK in 131ms (Views: 130.4ms | ActiveRecord: 0.0ms)


Started POST "/bands" for ::1 at 2020-12-08 17:29:04 -0500
Processing by BandsController#create as HTML
  Parameters: {"authenticity_token"=>"uEZXczsYLoAKWAR0s3XRXgXnIsq53bOUpogV1WB/g7omF0JsYpp8+GRmpkbX80Ya3LfGCqqJotQs+mlo4x2Hrw==", "band"=>{"name"=>"Adele"}}
  [1m[35m (1.4ms)[0m  [1m[35mBEGIN[0m
  ↳ app/controllers/bands_controller.rb:19
  [1m[36mBand Create (1.1ms)[0m  [1m[32mINSERT INTO "bands" ("name", "created_at", "updated_at") VALUES ($1, $2, $3) RETURNING "id"[0m  [["name", "Adele"], ["created_at", "2020-12-08 22:29:04.924698"], ["updated_at", "2020-12-08 22:29:04.924698"]]
  ↳ app/controllers/bands_controller.rb:19
  [1m[35m (10.9ms)[0m  [1m[35mCOMMIT[0m
  ↳ app/controllers/bands_controller.rb:19
Redirected to http://localhost:3000/bands/3
Completed 302 Found in 26ms (ActiveRecord: 13.4ms)


Started GET "/bands/3" for ::1 at 2020-12-08 17:29:04 -0500
Processing by BandsController#show as HTML
  Parameters: {"id"=>"3"}
  [1m[36mBand Load (0.3ms)[0m  [1m[34mSELECT  "bands".* FROM "bands" WHERE "bands"."id" = $1 LIMIT $2[0m  [["id", 3], ["LIMIT", 1]]
  ↳ app/controllers/bands_controller.rb:8
  Rendering bands/show.html.erb within layouts/application
  Rendered bands/show.html.erb within layouts/application (0.3ms)
Completed 200 OK in 47ms (Views: 42.5ms | ActiveRecord: 0.3ms)


Started GET "/bands" for ::1 at 2020-12-08 17:29:10 -0500
Processing by BandsController#index as HTML
  Rendering bands/index.html.erb within layouts/application
  [1m[36mBand Load (0.3ms)[0m  [1m[34mSELECT "bands".* FROM "bands"[0m
  ↳ app/views/bands/index.html.erb:4
  Rendered bands/index.html.erb within layouts/application (4.3ms)
Completed 200 OK in 51ms (Views: 49.6ms | ActiveRecord: 0.3ms)


